[debug] [2021-07-11T06:03:00.888Z] ----------------------------------------------------------------------
[debug] [2021-07-11T06:03:00.892Z] Command:       C:\Program Files\nodejs\node.exe C:\Users\remed\AppData\Roaming\npm\node_modules\firebase-tools\lib\bin\firebase.js init
[debug] [2021-07-11T06:03:00.893Z] CLI Version:   9.16.0
[debug] [2021-07-11T06:03:00.893Z] Platform:      win32
[debug] [2021-07-11T06:03:00.893Z] Node Version:  v14.17.3
[debug] [2021-07-11T06:03:00.895Z] Time:          Sun Jul 11 2021 18:03:00 GMT+1200 (New Zealand Standard Time)
[debug] [2021-07-11T06:03:00.895Z] ----------------------------------------------------------------------
[debug] 
[debug] [2021-07-11T06:03:00.904Z] > command requires scopes: ["email","openid","https://www.googleapis.com/auth/cloudplatformprojects.readonly","https://www.googleapis.com/auth/firebase","https://www.googleapis.com/auth/cloud-platform"]
[debug] [2021-07-11T06:03:00.904Z] > authorizing via signed-in user (remediochristinejoy@gmail.com)
[info] 
     ######## #### ########  ######## ########     ###     ######  ########
     ##        ##  ##     ## ##       ##     ##  ##   ##  ##       ##
     ######    ##  ########  ######   ########  #########  ######  ######
     ##        ##  ##    ##  ##       ##     ## ##     ##       ## ##
     ##       #### ##     ## ######## ########  ##     ##  ######  ########

You're about to initialize a Firebase project in this directory:

  D:\Christine Joy Remedio\CJ Codes\cjnetflixclone

[info] 
=== Project Setup
[info] 
[info] First, let's associate this project directory with a Firebase project.
[info] You can create multiple project aliases by running firebase use --add, 
[info] but for now we'll just set up a default project.
[info] 
[debug] [2021-07-11T06:04:03.776Z] >>> [apiv2][query] GET https://firebase.googleapis.com/v1beta1/projects pageSize=100
[debug] [2021-07-11T06:04:05.839Z] <<< [apiv2][status] GET https://firebase.googleapis.com/v1beta1/projects 200
[debug] [2021-07-11T06:04:05.840Z] <<< [apiv2][body] GET https://firebase.googleapis.com/v1beta1/projects [omitted]
[info] i  Using project cjnetflixclone (cjnetflixclone) 
[info] 
=== Hosting Setup
[info] 
[info] Your public directory is the folder (relative to your project directory) that
[info] will contain Hosting assets to be uploaded with firebase deploy. If you
[info] have a build process for your assets, use your build's output directory.
[info] 
[debug] [2021-07-11T06:05:28.859Z] >>> [apiv2][query] GET https://www.gstatic.com/firebasejs/releases.json [none]
[debug] [2021-07-11T06:05:29.831Z] <<< [apiv2][status] GET https://www.gstatic.com/firebasejs/releases.json 200
[debug] [2021-07-11T06:05:29.831Z] <<< [apiv2][body] GET https://www.gstatic.com/firebasejs/releases.json {"current":{"version":"8.7.1","browserURL":"https://www.gstatic.com/firebasejs/8.7.1/firebase.js","packageURL":"https://www.gstatic.com/firebasejs/8.7.1/firebase.tgz"},"live":{"version":"8.7","browserURL":"https://www.gstatic.com/firebasejs/live/8.7/firebase.js","packageURL":"https://www.gstatic.com/firebasejs/live/8.7/firebase.tgz"},"components":{"analytics":"https://www.gstatic.com/firebasejs/8.7.1/firebase-analytics.js","app":"https://www.gstatic.com/firebasejs/8.7.1/firebase-app.js","app-check":"https://www.gstatic.com/firebasejs/8.7.1/firebase-app-check.js","auth":"https://www.gstatic.com/firebasejs/8.7.1/firebase-auth.js","database":"https://www.gstatic.com/firebasejs/8.7.1/firebase-database.js","firestore":"https://www.gstatic.com/firebasejs/8.7.1/firebase-firestore.js","functions":"https://www.gstatic.com/firebasejs/8.7.1/firebase-functions.js","installations":"https://www.gstatic.com/firebasejs/8.7.1/firebase-installations.js","messaging":"https://www.gstatic.com/firebasejs/8.7.1/firebase-messaging.js","storage":"https://www.gstatic.com/firebasejs/8.7.1/firebase-storage.js","performance":"https://www.gstatic.com/firebasejs/8.7.1/firebase-performance.js","remote-config":"https://www.gstatic.com/firebasejs/8.7.1/firebase-remote-config.js","firestore.memory":"https://www.gstatic.com/firebasejs/8.7.1/firebase-firestore.memory.js"}}
[info] +  Wrote build/index.html 
[info] 
[info] i  Detected a .git folder at D:\Christine Joy Remedio\CJ Codes\cjnetflixclone 
[info] i  Authorizing with GitHub to upload your service account to a GitHub repository's secrets store. 
[info] 
[info] Visit this URL on this device to log in:
[info] https://github.com/login/oauth/authorize?client_id=89cf50f02ac6aaed3484&state=342486420&redirect_uri=http%3A%2F%2Flocalhost%3A9005&scope=read%3Auser%20repo%20public_repo
[info] 
[info] Waiting for authentication...
[debug] [2021-07-11T06:06:24.303Z] >>> HTTP REQUEST POST https://github.com/login/oauth/access_token  
 {"client_id":"89cf50f02ac6aaed3484","client_secret":"3330d14abc895d9a74d5f17cd7a00711fa2c5bf0","code":"c70e9c41bd0bf8f9dec0","redirect_uri":"http://localhost:9005","state":"342486420"}
[debug] [2021-07-11T06:06:24.745Z] <<< HTTP RESPONSE 200 {"server":"GitHub.com","date":"Sun, 11 Jul 2021 06:06:25 GMT","content-type":"application/json; charset=utf-8","transfer-encoding":"chunked","vary":"X-PJAX, Accept-Encoding, Accept, X-Requested-With","permissions-policy":"interest-cohort=()","etag":"W/\"d443b67500c8b85d2b45a458f77ee548\"","cache-control":"max-age=0, private, must-revalidate","strict-transport-security":"max-age=31536000; includeSubdomains; preload","x-frame-options":"deny","x-content-type-options":"nosniff","x-xss-protection":"0","referrer-policy":"origin-when-cross-origin, strict-origin-when-cross-origin","expect-ct":"max-age=2592000, report-uri=\"https://api.github.com/_private/browser/errors\"","content-security-policy":"default-src 'none'; base-uri 'self'; block-all-mixed-content; connect-src 'self' uploads.github.com www.githubstatus.com collector.githubapp.com api.github.com github-cloud.s3.amazonaws.com github-production-repository-file-5c1aeb.s3.amazonaws.com github-production-upload-manifest-file-7fdce7.s3.amazonaws.com github-production-user-asset-6210df.s3.amazonaws.com cdn.optimizely.com logx.optimizely.com/v1/events translator.github.com wss://alive.github.com; font-src github.githubassets.com; form-action 'self' github.com gist.github.com; frame-ancestors 'none'; frame-src render.githubusercontent.com render-temp.githubusercontent.com viewscreen.githubusercontent.com; img-src 'self' data: github.githubassets.com identicons.github.com collector.githubapp.com github-cloud.s3.amazonaws.com secured-user-images.githubusercontent.com/ *.githubusercontent.com; manifest-src 'self'; media-src 'none'; script-src github.githubassets.com; style-src 'unsafe-inline' github.githubassets.com; worker-src github.com/socket-worker-3f088aa2.js gist.github.com/socket-worker-3f088aa2.js","x-github-request-id":"FCCF:082E:70D5:1290B:60EA8A60"}
[debug] [2021-07-11T06:06:24.749Z] >>> [apiv2][query] GET https://api.github.com/user [none]
[debug] [2021-07-11T06:06:25.234Z] <<< [apiv2][status] GET https://api.github.com/user 200
[debug] [2021-07-11T06:06:25.234Z] <<< [apiv2][body] GET https://api.github.com/user {"login":"ChristineJoyRemedio","id":47110612,"node_id":"MDQ6VXNlcjQ3MTEwNjEy","avatar_url":"https://avatars.githubusercontent.com/u/47110612?v=4","gravatar_id":"","url":"https://api.github.com/users/ChristineJoyRemedio","html_url":"https://github.com/ChristineJoyRemedio","followers_url":"https://api.github.com/users/ChristineJoyRemedio/followers","following_url":"https://api.github.com/users/ChristineJoyRemedio/following{/other_user}","gists_url":"https://api.github.com/users/ChristineJoyRemedio/gists{/gist_id}","starred_url":"https://api.github.com/users/ChristineJoyRemedio/starred{/owner}{/repo}","subscriptions_url":"https://api.github.com/users/ChristineJoyRemedio/subscriptions","organizations_url":"https://api.github.com/users/ChristineJoyRemedio/orgs","repos_url":"https://api.github.com/users/ChristineJoyRemedio/repos","events_url":"https://api.github.com/users/ChristineJoyRemedio/events{/privacy}","received_events_url":"https://api.github.com/users/ChristineJoyRemedio/received_events","type":"User","site_admin":false,"name":"Christine Joy C. Remedio","company":null,"blog":"","location":"Auckland, New Zealand","email":null,"hireable":true,"bio":"BS Information and Communications Technology","twitter_username":null,"public_repos":6,"public_gists":0,"followers":0,"following":0,"created_at":"2019-01-28T13:42:19Z","updated_at":"2021-07-11T06:06:23Z","private_gists":0,"total_private_repos":0,"owned_private_repos":0,"disk_usage":47825,"collaborators":0,"two_factor_authentication":false,"plan":{"name":"free","space":976562499,"collaborators":0,"private_repos":10000}}
[info] 
[info] +  Success! Logged into GitHub as ChristineJoyRemedio 
[info] 
